
*** Running vivado
    with args -log alchitry_top.vds -m64 -product Vivado -mode batch -messageDb vivado.pb -notrace -source alchitry_top.tcl


****** Vivado v2024.2.2 (64-bit)
  **** SW Build 6060944 on Thu Mar 06 19:10:09 MST 2025
  **** IP Build 6050500 on Thu Mar  6 23:33:39 MST 2025
  **** SharedData Build 6060542 on Thu Mar 06 10:31:07 MST 2025
  **** Start of session at: Tue Apr  8 15:54:55 2025
    ** Copyright 1986-2022 Xilinx, Inc. All Rights Reserved.
    ** Copyright 2022-2025 Advanced Micro Devices, Inc. All Rights Reserved.

source alchitry_top.tcl -notrace
Command: synth_design -top alchitry_top -part xc7a35tftg256-1
Starting synth_design
Attempting to get a license for feature 'Synthesis' and/or device 'xc7a35t'
INFO: [Common 17-349] Got license for feature 'Synthesis' and/or device 'xc7a35t'
INFO: [Device 21-403] Loading part xc7a35tftg256-1
INFO: [Synth 8-7079] Multithreading enabled for synth_design using a maximum of 7 processes.
INFO: [Synth 8-7078] Launching helper process for spawning children vivado processes
INFO: [Synth 8-7075] Helper process launched with PID 14648
---------------------------------------------------------------------------------
Starting RTL Elaboration : Time (s): cpu = 00:00:04 ; elapsed = 00:00:04 . Memory (MB): peak = 2043.215 ; gain = 426.832 ; free physical = 267 ; free virtual = 11798
---------------------------------------------------------------------------------
INFO: [Synth 8-6157] synthesizing module 'alchitry_top' [/home/wata/Desktop/school/term4/50.002_Computer_Structures/workspace/sutd_50.002/compstruct_1d_vivado_please/build/vivado/compstruct_1d_vivado_please.srcs/sources_1/imports/source/alchitry_top.sv:7]
INFO: [Synth 8-6157] synthesizing module 'edge_detector' [/home/wata/Desktop/school/term4/50.002_Computer_Structures/workspace/sutd_50.002/compstruct_1d_vivado_please/build/vivado/compstruct_1d_vivado_please.srcs/sources_1/imports/source/edge_detector.sv:7]
	Parameter RISE bound to: 1'b1 
	Parameter FALL bound to: 1'b0 
INFO: [Synth 8-6155] done synthesizing module 'edge_detector' (0#1) [/home/wata/Desktop/school/term4/50.002_Computer_Structures/workspace/sutd_50.002/compstruct_1d_vivado_please/build/vivado/compstruct_1d_vivado_please.srcs/sources_1/imports/source/edge_detector.sv:7]
INFO: [Synth 8-6157] synthesizing module 'button_conditioner' [/home/wata/Desktop/school/term4/50.002_Computer_Structures/workspace/sutd_50.002/compstruct_1d_vivado_please/build/vivado/compstruct_1d_vivado_please.srcs/sources_1/imports/source/button_conditioner.sv:7]
	Parameter CLK_FREQ bound to: 27'b101111101011110000100000000 
	Parameter MIN_DELAY bound to: 5'b10100 
	Parameter NUM_SYNC bound to: 2'b10 
INFO: [Synth 8-6157] synthesizing module 'pipeline' [/home/wata/Desktop/school/term4/50.002_Computer_Structures/workspace/sutd_50.002/compstruct_1d_vivado_please/build/vivado/compstruct_1d_vivado_please.srcs/sources_1/imports/source/pipeline.sv:7]
	Parameter DEPTH bound to: 2'b10 
INFO: [Synth 8-6155] done synthesizing module 'pipeline' (0#1) [/home/wata/Desktop/school/term4/50.002_Computer_Structures/workspace/sutd_50.002/compstruct_1d_vivado_please/build/vivado/compstruct_1d_vivado_please.srcs/sources_1/imports/source/pipeline.sv:7]
INFO: [Synth 8-6155] done synthesizing module 'button_conditioner' (0#1) [/home/wata/Desktop/school/term4/50.002_Computer_Structures/workspace/sutd_50.002/compstruct_1d_vivado_please/build/vivado/compstruct_1d_vivado_please.srcs/sources_1/imports/source/button_conditioner.sv:7]
INFO: [Synth 8-6157] synthesizing module 'reset_conditioner' [/home/wata/Desktop/school/term4/50.002_Computer_Structures/workspace/sutd_50.002/compstruct_1d_vivado_please/build/vivado/compstruct_1d_vivado_please.srcs/sources_1/imports/source/reset_conditioner.sv:7]
	Parameter STAGES bound to: 3'b100 
INFO: [Synth 8-6155] done synthesizing module 'reset_conditioner' (0#1) [/home/wata/Desktop/school/term4/50.002_Computer_Structures/workspace/sutd_50.002/compstruct_1d_vivado_please/build/vivado/compstruct_1d_vivado_please.srcs/sources_1/imports/source/reset_conditioner.sv:7]
INFO: [Synth 8-6157] synthesizing module 'counter' [/home/wata/Desktop/school/term4/50.002_Computer_Structures/workspace/sutd_50.002/compstruct_1d_vivado_please/build/vivado/compstruct_1d_vivado_please.srcs/sources_1/imports/source/counter.sv:7]
	Parameter SIZE bound to: 1'b1 
	Parameter DIV bound to: 5'b11010 
	Parameter TOP bound to: 1'b0 
	Parameter UP bound to: 1'b1 
INFO: [Synth 8-6155] done synthesizing module 'counter' (0#1) [/home/wata/Desktop/school/term4/50.002_Computer_Structures/workspace/sutd_50.002/compstruct_1d_vivado_please/build/vivado/compstruct_1d_vivado_please.srcs/sources_1/imports/source/counter.sv:7]
INFO: [Synth 8-6157] synthesizing module 'counter__parameterized0' [/home/wata/Desktop/school/term4/50.002_Computer_Structures/workspace/sutd_50.002/compstruct_1d_vivado_please/build/vivado/compstruct_1d_vivado_please.srcs/sources_1/imports/source/counter.sv:7]
	Parameter SIZE bound to: 1'b1 
	Parameter DIV bound to: 4'b1010 
	Parameter TOP bound to: 1'b0 
	Parameter UP bound to: 1'b1 
INFO: [Synth 8-6155] done synthesizing module 'counter__parameterized0' (0#1) [/home/wata/Desktop/school/term4/50.002_Computer_Structures/workspace/sutd_50.002/compstruct_1d_vivado_please/build/vivado/compstruct_1d_vivado_please.srcs/sources_1/imports/source/counter.sv:7]
INFO: [Synth 8-6157] synthesizing module 'motor' [/home/wata/Desktop/school/term4/50.002_Computer_Structures/workspace/sutd_50.002/compstruct_1d_vivado_please/build/vivado/compstruct_1d_vivado_please.srcs/sources_1/imports/source/motor.sv:7]
INFO: [Synth 8-6157] synthesizing module 'pwm' [/home/wata/Desktop/school/term4/50.002_Computer_Structures/workspace/sutd_50.002/compstruct_1d_vivado_please/build/vivado/compstruct_1d_vivado_please.srcs/sources_1/imports/source/pwm.sv:7]
	Parameter WIDTH bound to: 4'b1001 
	Parameter TOP bound to: 9'b101111101 
	Parameter DIV bound to: 5'b10010 
INFO: [Synth 8-6157] synthesizing module 'counter__parameterized1' [/home/wata/Desktop/school/term4/50.002_Computer_Structures/workspace/sutd_50.002/compstruct_1d_vivado_please/build/vivado/compstruct_1d_vivado_please.srcs/sources_1/imports/source/counter.sv:7]
	Parameter SIZE bound to: 4'b1001 
	Parameter DIV bound to: 5'b10010 
	Parameter TOP bound to: 9'b101111101 
	Parameter UP bound to: 1'b1 
INFO: [Synth 8-6155] done synthesizing module 'counter__parameterized1' (0#1) [/home/wata/Desktop/school/term4/50.002_Computer_Structures/workspace/sutd_50.002/compstruct_1d_vivado_please/build/vivado/compstruct_1d_vivado_please.srcs/sources_1/imports/source/counter.sv:7]
INFO: [Synth 8-6155] done synthesizing module 'pwm' (0#1) [/home/wata/Desktop/school/term4/50.002_Computer_Structures/workspace/sutd_50.002/compstruct_1d_vivado_please/build/vivado/compstruct_1d_vivado_please.srcs/sources_1/imports/source/pwm.sv:7]
INFO: [Synth 8-6155] done synthesizing module 'motor' (0#1) [/home/wata/Desktop/school/term4/50.002_Computer_Structures/workspace/sutd_50.002/compstruct_1d_vivado_please/build/vivado/compstruct_1d_vivado_please.srcs/sources_1/imports/source/motor.sv:7]
INFO: [Synth 8-6155] done synthesizing module 'alchitry_top' (0#1) [/home/wata/Desktop/school/term4/50.002_Computer_Structures/workspace/sutd_50.002/compstruct_1d_vivado_please/build/vivado/compstruct_1d_vivado_please.srcs/sources_1/imports/source/alchitry_top.sv:7]
WARNING: [Synth 8-6014] Unused sequential element D_seg_multiplex_q_reg was removed.  [/home/wata/Desktop/school/term4/50.002_Computer_Structures/workspace/sutd_50.002/compstruct_1d_vivado_please/build/vivado/compstruct_1d_vivado_please.srcs/sources_1/imports/source/alchitry_top.sv:176]
WARNING: [Synth 8-3917] design alchitry_top has port led[7] driven by constant 0
WARNING: [Synth 8-3917] design alchitry_top has port led[6] driven by constant 0
WARNING: [Synth 8-3917] design alchitry_top has port led[5] driven by constant 0
WARNING: [Synth 8-3917] design alchitry_top has port led[4] driven by constant 0
WARNING: [Synth 8-3917] design alchitry_top has port led[3] driven by constant 0
WARNING: [Synth 8-3917] design alchitry_top has port led[2] driven by constant 0
WARNING: [Synth 8-3917] design alchitry_top has port led[1] driven by constant 0
WARNING: [Synth 8-3917] design alchitry_top has port led[0] driven by constant 0
WARNING: [Synth 8-3917] design alchitry_top has port io_led[2][7] driven by constant 0
WARNING: [Synth 8-3917] design alchitry_top has port io_led[2][6] driven by constant 0
WARNING: [Synth 8-3917] design alchitry_top has port io_led[2][5] driven by constant 0
WARNING: [Synth 8-3917] design alchitry_top has port io_led[2][4] driven by constant 0
WARNING: [Synth 8-3917] design alchitry_top has port io_led[2][3] driven by constant 0
WARNING: [Synth 8-3917] design alchitry_top has port io_led[2][2] driven by constant 0
WARNING: [Synth 8-3917] design alchitry_top has port io_led[2][1] driven by constant 0
WARNING: [Synth 8-3917] design alchitry_top has port io_led[2][0] driven by constant 0
WARNING: [Synth 8-3917] design alchitry_top has port io_led[1][7] driven by constant 0
WARNING: [Synth 8-3917] design alchitry_top has port io_led[1][6] driven by constant 0
WARNING: [Synth 8-3917] design alchitry_top has port io_led[1][5] driven by constant 0
WARNING: [Synth 8-3917] design alchitry_top has port io_led[1][4] driven by constant 0
WARNING: [Synth 8-3917] design alchitry_top has port io_led[1][3] driven by constant 0
WARNING: [Synth 8-3917] design alchitry_top has port io_led[1][2] driven by constant 0
WARNING: [Synth 8-3917] design alchitry_top has port io_led[1][1] driven by constant 0
WARNING: [Synth 8-3917] design alchitry_top has port io_led[1][0] driven by constant 0
WARNING: [Synth 8-3917] design alchitry_top has port io_led[0][7] driven by constant 0
WARNING: [Synth 8-3917] design alchitry_top has port io_led[0][6] driven by constant 0
WARNING: [Synth 8-3917] design alchitry_top has port io_led[0][5] driven by constant 0
WARNING: [Synth 8-3917] design alchitry_top has port io_led[0][4] driven by constant 0
WARNING: [Synth 8-3917] design alchitry_top has port io_led[0][3] driven by constant 0
WARNING: [Synth 8-3917] design alchitry_top has port io_led[0][2] driven by constant 0
WARNING: [Synth 8-3917] design alchitry_top has port io_segment[7] driven by constant 0
WARNING: [Synth 8-3917] design alchitry_top has port io_segment[6] driven by constant 0
WARNING: [Synth 8-3917] design alchitry_top has port io_segment[5] driven by constant 0
WARNING: [Synth 8-3917] design alchitry_top has port io_segment[4] driven by constant 0
WARNING: [Synth 8-3917] design alchitry_top has port io_segment[3] driven by constant 0
WARNING: [Synth 8-3917] design alchitry_top has port io_segment[2] driven by constant 0
WARNING: [Synth 8-3917] design alchitry_top has port io_segment[1] driven by constant 0
WARNING: [Synth 8-3917] design alchitry_top has port io_segment[0] driven by constant 0
WARNING: [Synth 8-3917] design alchitry_top has port io_select[3] driven by constant 0
WARNING: [Synth 8-3917] design alchitry_top has port io_select[2] driven by constant 0
WARNING: [Synth 8-3917] design alchitry_top has port io_select[1] driven by constant 0
WARNING: [Synth 8-3917] design alchitry_top has port io_select[0] driven by constant 0
WARNING: [Synth 8-7129] Port io_dip[2][7] in module alchitry_top is either unconnected or has no load
WARNING: [Synth 8-7129] Port io_dip[2][6] in module alchitry_top is either unconnected or has no load
WARNING: [Synth 8-7129] Port io_dip[2][5] in module alchitry_top is either unconnected or has no load
WARNING: [Synth 8-7129] Port io_dip[2][4] in module alchitry_top is either unconnected or has no load
WARNING: [Synth 8-7129] Port io_dip[2][3] in module alchitry_top is either unconnected or has no load
WARNING: [Synth 8-7129] Port io_dip[2][2] in module alchitry_top is either unconnected or has no load
WARNING: [Synth 8-7129] Port io_dip[2][1] in module alchitry_top is either unconnected or has no load
WARNING: [Synth 8-7129] Port io_dip[2][0] in module alchitry_top is either unconnected or has no load
WARNING: [Synth 8-7129] Port io_dip[1][7] in module alchitry_top is either unconnected or has no load
WARNING: [Synth 8-7129] Port io_dip[1][6] in module alchitry_top is either unconnected or has no load
WARNING: [Synth 8-7129] Port io_dip[1][5] in module alchitry_top is either unconnected or has no load
WARNING: [Synth 8-7129] Port io_dip[1][4] in module alchitry_top is either unconnected or has no load
WARNING: [Synth 8-7129] Port io_dip[1][3] in module alchitry_top is either unconnected or has no load
WARNING: [Synth 8-7129] Port io_dip[1][2] in module alchitry_top is either unconnected or has no load
WARNING: [Synth 8-7129] Port io_dip[1][1] in module alchitry_top is either unconnected or has no load
WARNING: [Synth 8-7129] Port io_dip[1][0] in module alchitry_top is either unconnected or has no load
WARNING: [Synth 8-7129] Port io_dip[0][7] in module alchitry_top is either unconnected or has no load
WARNING: [Synth 8-7129] Port io_dip[0][6] in module alchitry_top is either unconnected or has no load
WARNING: [Synth 8-7129] Port io_dip[0][5] in module alchitry_top is either unconnected or has no load
WARNING: [Synth 8-7129] Port io_dip[0][4] in module alchitry_top is either unconnected or has no load
WARNING: [Synth 8-7129] Port io_dip[0][3] in module alchitry_top is either unconnected or has no load
WARNING: [Synth 8-7129] Port io_dip[0][2] in module alchitry_top is either unconnected or has no load
WARNING: [Synth 8-7129] Port io_dip[0][1] in module alchitry_top is either unconnected or has no load
WARNING: [Synth 8-7129] Port io_dip[0][0] in module alchitry_top is either unconnected or has no load
---------------------------------------------------------------------------------
Finished RTL Elaboration : Time (s): cpu = 00:00:05 ; elapsed = 00:00:05 . Memory (MB): peak = 2115.184 ; gain = 498.801 ; free physical = 180 ; free virtual = 11713
---------------------------------------------------------------------------------
---------------------------------------------------------------------------------
Start Handling Custom Attributes
---------------------------------------------------------------------------------
---------------------------------------------------------------------------------
Finished Handling Custom Attributes : Time (s): cpu = 00:00:05 ; elapsed = 00:00:05 . Memory (MB): peak = 2132.996 ; gain = 516.613 ; free physical = 177 ; free virtual = 11709
---------------------------------------------------------------------------------
---------------------------------------------------------------------------------
Finished RTL Optimization Phase 1 : Time (s): cpu = 00:00:05 ; elapsed = 00:00:05 . Memory (MB): peak = 2132.996 ; gain = 516.613 ; free physical = 177 ; free virtual = 11709
---------------------------------------------------------------------------------
Netlist sorting complete. Time (s): cpu = 00:00:00.01 ; elapsed = 00:00:00 . Memory (MB): peak = 2132.996 ; gain = 0.000 ; free physical = 177 ; free virtual = 11709
INFO: [Project 1-570] Preparing netlist for logic optimization

Processing XDC Constraints
Initializing timing engine
Parsing XDC File [/home/wata/Desktop/school/term4/50.002_Computer_Structures/workspace/sutd_50.002/compstruct_1d_vivado_please/build/constraint/alchitry.xdc]
Finished Parsing XDC File [/home/wata/Desktop/school/term4/50.002_Computer_Structures/workspace/sutd_50.002/compstruct_1d_vivado_please/build/constraint/alchitry.xdc]
INFO: [Project 1-236] Implementation specific constraints were found while reading constraint file [/home/wata/Desktop/school/term4/50.002_Computer_Structures/workspace/sutd_50.002/compstruct_1d_vivado_please/build/constraint/alchitry.xdc]. These constraints will be ignored for synthesis but will be used in implementation. Impacted constraints are listed in the file [.Xil/alchitry_top_propImpl.xdc].
Resolution: To avoid this warning, move constraints listed in [.Xil/alchitry_top_propImpl.xdc] to another XDC file and exclude this new file from synthesis with the used_in_synthesis property (File Properties dialog in GUI) and re-run elaboration/synthesis.
Parsing XDC File [/home/wata/Desktop/school/term4/50.002_Computer_Structures/workspace/sutd_50.002/compstruct_1d_vivado_please/build/constraint/au_props.xdc]
Finished Parsing XDC File [/home/wata/Desktop/school/term4/50.002_Computer_Structures/workspace/sutd_50.002/compstruct_1d_vivado_please/build/constraint/au_props.xdc]
Completed Processing XDC Constraints

Netlist sorting complete. Time (s): cpu = 00:00:00 ; elapsed = 00:00:00 . Memory (MB): peak = 2283.746 ; gain = 0.000 ; free physical = 156 ; free virtual = 11664
INFO: [Project 1-111] Unisim Transformation Summary:
No Unisim elements were transformed.

Constraint Validation Runtime : Time (s): cpu = 00:00:00 ; elapsed = 00:00:00.01 . Memory (MB): peak = 2283.746 ; gain = 0.000 ; free physical = 156 ; free virtual = 11664
---------------------------------------------------------------------------------
Finished Constraint Validation : Time (s): cpu = 00:00:11 ; elapsed = 00:00:11 . Memory (MB): peak = 2283.746 ; gain = 667.363 ; free physical = 155 ; free virtual = 11653
---------------------------------------------------------------------------------
---------------------------------------------------------------------------------
Start Loading Part and Timing Information
---------------------------------------------------------------------------------
Loading part: xc7a35tftg256-1
---------------------------------------------------------------------------------
Finished Loading Part and Timing Information : Time (s): cpu = 00:00:11 ; elapsed = 00:00:11 . Memory (MB): peak = 2291.750 ; gain = 675.367 ; free physical = 155 ; free virtual = 11653
---------------------------------------------------------------------------------
---------------------------------------------------------------------------------
Start Applying 'set_property' XDC Constraints
---------------------------------------------------------------------------------
---------------------------------------------------------------------------------
Finished applying 'set_property' XDC Constraints : Time (s): cpu = 00:00:11 ; elapsed = 00:00:11 . Memory (MB): peak = 2291.750 ; gain = 675.367 ; free physical = 155 ; free virtual = 11653
---------------------------------------------------------------------------------
---------------------------------------------------------------------------------
Finished RTL Optimization Phase 2 : Time (s): cpu = 00:00:11 ; elapsed = 00:00:11 . Memory (MB): peak = 2291.750 ; gain = 675.367 ; free physical = 152 ; free virtual = 11652
---------------------------------------------------------------------------------
---------------------------------------------------------------------------------
Start RTL Component Statistics 
---------------------------------------------------------------------------------
Detailed RTL Component Info : 
+---Adders : 
	   2 Input   11 Bit       Adders := 1     
	   2 Input    3 Bit       Adders := 1     
+---Registers : 
	               11 Bit    Registers := 1     
	                9 Bit    Registers := 2     
	                4 Bit    Registers := 1     
	                3 Bit    Registers := 1     
	                2 Bit    Registers := 5     
	                1 Bit    Registers := 8     
+---Muxes : 
	   2 Input    1 Bit        Muxes := 3     
	   3 Input    1 Bit        Muxes := 1     
---------------------------------------------------------------------------------
Finished RTL Component Statistics 
---------------------------------------------------------------------------------
---------------------------------------------------------------------------------
Start Part Resource Summary
---------------------------------------------------------------------------------
Part Resources:
DSPs: 90 (col length:60)
BRAMs: 100 (col length: RAMB18 60 RAMB36 30)
---------------------------------------------------------------------------------
Finished Part Resource Summary
---------------------------------------------------------------------------------
---------------------------------------------------------------------------------
Start Cross Boundary and Area Optimization
---------------------------------------------------------------------------------
WARNING: [Synth 8-7080] Parallel synthesis criteria is not met
WARNING: [Synth 8-3917] design alchitry_top has port led[7] driven by constant 0
WARNING: [Synth 8-3917] design alchitry_top has port led[6] driven by constant 0
WARNING: [Synth 8-3917] design alchitry_top has port led[5] driven by constant 0
WARNING: [Synth 8-3917] design alchitry_top has port led[4] driven by constant 0
WARNING: [Synth 8-3917] design alchitry_top has port led[3] driven by constant 0
WARNING: [Synth 8-3917] design alchitry_top has port led[2] driven by constant 0
WARNING: [Synth 8-3917] design alchitry_top has port led[1] driven by constant 0
WARNING: [Synth 8-3917] design alchitry_top has port led[0] driven by constant 0
WARNING: [Synth 8-3917] design alchitry_top has port io_led[2][7] driven by constant 0
WARNING: [Synth 8-3917] design alchitry_top has port io_led[2][6] driven by constant 0
WARNING: [Synth 8-3917] design alchitry_top has port io_led[2][5] driven by constant 0
WARNING: [Synth 8-3917] design alchitry_top has port io_led[2][4] driven by constant 0
WARNING: [Synth 8-3917] design alchitry_top has port io_led[2][3] driven by constant 0
WARNING: [Synth 8-3917] design alchitry_top has port io_led[2][2] driven by constant 0
WARNING: [Synth 8-3917] design alchitry_top has port io_led[2][1] driven by constant 0
WARNING: [Synth 8-3917] design alchitry_top has port io_led[2][0] driven by constant 0
WARNING: [Synth 8-3917] design alchitry_top has port io_led[1][7] driven by constant 0
WARNING: [Synth 8-3917] design alchitry_top has port io_led[1][6] driven by constant 0
WARNING: [Synth 8-3917] design alchitry_top has port io_led[1][5] driven by constant 0
WARNING: [Synth 8-3917] design alchitry_top has port io_led[1][4] driven by constant 0
WARNING: [Synth 8-3917] design alchitry_top has port io_led[1][3] driven by constant 0
WARNING: [Synth 8-3917] design alchitry_top has port io_led[1][2] driven by constant 0
WARNING: [Synth 8-3917] design alchitry_top has port io_led[1][1] driven by constant 0
WARNING: [Synth 8-3917] design alchitry_top has port io_led[1][0] driven by constant 0
WARNING: [Synth 8-3917] design alchitry_top has port io_led[0][7] driven by constant 0
WARNING: [Synth 8-3917] design alchitry_top has port io_led[0][6] driven by constant 0
WARNING: [Synth 8-3917] design alchitry_top has port io_led[0][5] driven by constant 0
WARNING: [Synth 8-3917] design alchitry_top has port io_led[0][4] driven by constant 0
WARNING: [Synth 8-3917] design alchitry_top has port io_led[0][3] driven by constant 0
WARNING: [Synth 8-3917] design alchitry_top has port io_led[0][2] driven by constant 0
WARNING: [Synth 8-3917] design alchitry_top has port io_segment[7] driven by constant 0
WARNING: [Synth 8-3917] design alchitry_top has port io_segment[6] driven by constant 0
WARNING: [Synth 8-3917] design alchitry_top has port io_segment[5] driven by constant 0
WARNING: [Synth 8-3917] design alchitry_top has port io_segment[4] driven by constant 0
WARNING: [Synth 8-3917] design alchitry_top has port io_segment[3] driven by constant 0
WARNING: [Synth 8-3917] design alchitry_top has port io_segment[2] driven by constant 0
WARNING: [Synth 8-3917] design alchitry_top has port io_segment[1] driven by constant 0
WARNING: [Synth 8-3917] design alchitry_top has port io_segment[0] driven by constant 0
WARNING: [Synth 8-3917] design alchitry_top has port io_select[3] driven by constant 0
WARNING: [Synth 8-3917] design alchitry_top has port io_select[2] driven by constant 0
WARNING: [Synth 8-3917] design alchitry_top has port io_select[1] driven by constant 0
WARNING: [Synth 8-3917] design alchitry_top has port io_select[0] driven by constant 0
WARNING: [Synth 8-7129] Port io_dip[2][7] in module alchitry_top is either unconnected or has no load
WARNING: [Synth 8-7129] Port io_dip[2][6] in module alchitry_top is either unconnected or has no load
WARNING: [Synth 8-7129] Port io_dip[2][5] in module alchitry_top is either unconnected or has no load
WARNING: [Synth 8-7129] Port io_dip[2][4] in module alchitry_top is either unconnected or has no load
WARNING: [Synth 8-7129] Port io_dip[2][3] in module alchitry_top is either unconnected or has no load
WARNING: [Synth 8-7129] Port io_dip[2][2] in module alchitry_top is either unconnected or has no load
WARNING: [Synth 8-7129] Port io_dip[2][1] in module alchitry_top is either unconnected or has no load
WARNING: [Synth 8-7129] Port io_dip[2][0] in module alchitry_top is either unconnected or has no load
WARNING: [Synth 8-7129] Port io_dip[1][7] in module alchitry_top is either unconnected or has no load
WARNING: [Synth 8-7129] Port io_dip[1][6] in module alchitry_top is either unconnected or has no load
WARNING: [Synth 8-7129] Port io_dip[1][5] in module alchitry_top is either unconnected or has no load
WARNING: [Synth 8-7129] Port io_dip[1][4] in module alchitry_top is either unconnected or has no load
WARNING: [Synth 8-7129] Port io_dip[1][3] in module alchitry_top is either unconnected or has no load
WARNING: [Synth 8-7129] Port io_dip[1][2] in module alchitry_top is either unconnected or has no load
WARNING: [Synth 8-7129] Port io_dip[1][1] in module alchitry_top is either unconnected or has no load
WARNING: [Synth 8-7129] Port io_dip[1][0] in module alchitry_top is either unconnected or has no load
WARNING: [Synth 8-7129] Port io_dip[0][7] in module alchitry_top is either unconnected or has no load
WARNING: [Synth 8-7129] Port io_dip[0][6] in module alchitry_top is either unconnected or has no load
WARNING: [Synth 8-7129] Port io_dip[0][5] in module alchitry_top is either unconnected or has no load
WARNING: [Synth 8-7129] Port io_dip[0][4] in module alchitry_top is either unconnected or has no load
WARNING: [Synth 8-7129] Port io_dip[0][3] in module alchitry_top is either unconnected or has no load
WARNING: [Synth 8-7129] Port io_dip[0][2] in module alchitry_top is either unconnected or has no load
WARNING: [Synth 8-7129] Port io_dip[0][1] in module alchitry_top is either unconnected or has no load
WARNING: [Synth 8-7129] Port io_dip[0][0] in module alchitry_top is either unconnected or has no load
---------------------------------------------------------------------------------
Finished Cross Boundary and Area Optimization : Time (s): cpu = 00:00:12 ; elapsed = 00:00:13 . Memory (MB): peak = 2291.750 ; gain = 675.367 ; free physical = 278 ; free virtual = 11717
---------------------------------------------------------------------------------
---------------------------------------------------------------------------------
Start Applying XDC Timing Constraints
---------------------------------------------------------------------------------
---------------------------------------------------------------------------------
Finished Applying XDC Timing Constraints : Time (s): cpu = 00:00:17 ; elapsed = 00:00:18 . Memory (MB): peak = 2308.750 ; gain = 692.367 ; free physical = 274 ; free virtual = 11629
---------------------------------------------------------------------------------
---------------------------------------------------------------------------------
Start Timing Optimization
---------------------------------------------------------------------------------
---------------------------------------------------------------------------------
Finished Timing Optimization : Time (s): cpu = 00:00:17 ; elapsed = 00:00:18 . Memory (MB): peak = 2328.781 ; gain = 712.398 ; free physical = 250 ; free virtual = 11605
---------------------------------------------------------------------------------
---------------------------------------------------------------------------------
Start Technology Mapping
---------------------------------------------------------------------------------
---------------------------------------------------------------------------------
Finished Technology Mapping : Time (s): cpu = 00:00:17 ; elapsed = 00:00:18 . Memory (MB): peak = 2328.781 ; gain = 712.398 ; free physical = 249 ; free virtual = 11604
---------------------------------------------------------------------------------
---------------------------------------------------------------------------------
Start IO Insertion
---------------------------------------------------------------------------------
---------------------------------------------------------------------------------
Start Flattening Before IO Insertion
---------------------------------------------------------------------------------
---------------------------------------------------------------------------------
Finished Flattening Before IO Insertion
---------------------------------------------------------------------------------
---------------------------------------------------------------------------------
Start Final Netlist Cleanup
---------------------------------------------------------------------------------
---------------------------------------------------------------------------------
Finished Final Netlist Cleanup
---------------------------------------------------------------------------------
---------------------------------------------------------------------------------
Finished IO Insertion : Time (s): cpu = 00:00:20 ; elapsed = 00:00:21 . Memory (MB): peak = 2490.594 ; gain = 874.211 ; free physical = 176 ; free virtual = 11379
---------------------------------------------------------------------------------
---------------------------------------------------------------------------------
Start Renaming Generated Instances
---------------------------------------------------------------------------------
---------------------------------------------------------------------------------
Finished Renaming Generated Instances : Time (s): cpu = 00:00:20 ; elapsed = 00:00:21 . Memory (MB): peak = 2490.594 ; gain = 874.211 ; free physical = 176 ; free virtual = 11379
---------------------------------------------------------------------------------
---------------------------------------------------------------------------------
Start Rebuilding User Hierarchy
---------------------------------------------------------------------------------
---------------------------------------------------------------------------------
Finished Rebuilding User Hierarchy : Time (s): cpu = 00:00:20 ; elapsed = 00:00:21 . Memory (MB): peak = 2490.594 ; gain = 874.211 ; free physical = 176 ; free virtual = 11379
---------------------------------------------------------------------------------
---------------------------------------------------------------------------------
Start Renaming Generated Ports
---------------------------------------------------------------------------------
---------------------------------------------------------------------------------
Finished Renaming Generated Ports : Time (s): cpu = 00:00:20 ; elapsed = 00:00:21 . Memory (MB): peak = 2490.594 ; gain = 874.211 ; free physical = 176 ; free virtual = 11379
---------------------------------------------------------------------------------
---------------------------------------------------------------------------------
Start Handling Custom Attributes
---------------------------------------------------------------------------------
---------------------------------------------------------------------------------
Finished Handling Custom Attributes : Time (s): cpu = 00:00:20 ; elapsed = 00:00:21 . Memory (MB): peak = 2490.594 ; gain = 874.211 ; free physical = 176 ; free virtual = 11379
---------------------------------------------------------------------------------
---------------------------------------------------------------------------------
Start Renaming Generated Nets
---------------------------------------------------------------------------------
---------------------------------------------------------------------------------
Finished Renaming Generated Nets : Time (s): cpu = 00:00:20 ; elapsed = 00:00:21 . Memory (MB): peak = 2490.594 ; gain = 874.211 ; free physical = 176 ; free virtual = 11379
---------------------------------------------------------------------------------
---------------------------------------------------------------------------------
Start Writing Synthesis Report
---------------------------------------------------------------------------------

Report BlackBoxes: 
+-+--------------+----------+
| |BlackBox name |Instances |
+-+--------------+----------+
+-+--------------+----------+

Report Cell Usage: 
+------+-------+------+
|      |Cell   |Count |
+------+-------+------+
|1     |BUFG   |     1|
|2     |CARRY4 |    21|
|3     |LUT1   |    13|
|4     |LUT2   |    11|
|5     |LUT3   |     3|
|6     |LUT4   |    15|
|7     |LUT5   |     3|
|8     |LUT6   |     6|
|9     |FDRE   |    88|
|10    |FDSE   |     4|
|11    |IBUF   |     5|
|12    |OBUF   |    45|
+------+-------+------+
---------------------------------------------------------------------------------
Finished Writing Synthesis Report : Time (s): cpu = 00:00:20 ; elapsed = 00:00:21 . Memory (MB): peak = 2490.594 ; gain = 874.211 ; free physical = 176 ; free virtual = 11379
---------------------------------------------------------------------------------
Synthesis finished with 0 errors, 0 critical warnings and 67 warnings.
Synthesis Optimization Runtime : Time (s): cpu = 00:00:19 ; elapsed = 00:00:19 . Memory (MB): peak = 2490.594 ; gain = 723.461 ; free physical = 176 ; free virtual = 11379
Synthesis Optimization Complete : Time (s): cpu = 00:00:20 ; elapsed = 00:00:21 . Memory (MB): peak = 2490.602 ; gain = 874.211 ; free physical = 176 ; free virtual = 11379
INFO: [Project 1-571] Translating synthesized netlist
Netlist sorting complete. Time (s): cpu = 00:00:00 ; elapsed = 00:00:00 . Memory (MB): peak = 2490.602 ; gain = 0.000 ; free physical = 168 ; free virtual = 11371
INFO: [Netlist 29-17] Analyzing 21 Unisim elements for replacement
INFO: [Netlist 29-28] Unisim Transformation completed in 0 CPU seconds
INFO: [Project 1-570] Preparing netlist for logic optimization
INFO: [Opt 31-138] Pushed 0 inverter(s) to 0 load pin(s).
Netlist sorting complete. Time (s): cpu = 00:00:00 ; elapsed = 00:00:00 . Memory (MB): peak = 2546.621 ; gain = 0.000 ; free physical = 331 ; free virtual = 11536
INFO: [Project 1-111] Unisim Transformation Summary:
No Unisim elements were transformed.

Synth Design complete | Checksum: fcd22c33
INFO: [Common 17-83] Releasing license: Synthesis
35 Infos, 134 Warnings, 0 Critical Warnings and 0 Errors encountered.
synth_design completed successfully
synth_design: Time (s): cpu = 00:00:29 ; elapsed = 00:00:26 . Memory (MB): peak = 2546.621 ; gain = 953.988 ; free physical = 331 ; free virtual = 11535
INFO: [Common 17-2834] synth_design peak Physical Memory [PSS] (MB): overall = 1667.733; main = 1489.538; forked = 269.596
INFO: [Common 17-2834] synth_design peak Virtual Memory [VSS] (MB): overall = 3995.805; main = 2546.625; forked = 1565.020
Write ShapeDB Complete: Time (s): cpu = 00:00:00 ; elapsed = 00:00:00 . Memory (MB): peak = 2570.633 ; gain = 0.000 ; free physical = 331 ; free virtual = 11535
INFO: [Common 17-1381] The checkpoint '/home/wata/Desktop/school/term4/50.002_Computer_Structures/workspace/sutd_50.002/compstruct_1d_vivado_please/build/vivado/compstruct_1d_vivado_please.runs/synth_1/alchitry_top.dcp' has been generated.
INFO: [Vivado 12-24828] Executing command : report_utilization -file alchitry_top_utilization_synth.rpt -pb alchitry_top_utilization_synth.pb
INFO: [Common 17-206] Exiting Vivado at Tue Apr  8 15:55:23 2025...
