
*** Running vivado
    with args -log alchitry_top.vds -m64 -product Vivado -mode batch -messageDb vivado.pb -notrace -source alchitry_top.tcl


****** Vivado v2024.2.2 (64-bit)
  **** SW Build 6060944 on Thu Mar 06 19:10:09 MST 2025
  **** IP Build 6050500 on Thu Mar  6 23:33:39 MST 2025
  **** SharedData Build 6060542 on Thu Mar 06 10:31:07 MST 2025
  **** Start of session at: Wed Apr 16 13:11:11 2025
    ** Copyright 1986-2022 Xilinx, Inc. All Rights Reserved.
    ** Copyright 2022-2025 Advanced Micro Devices, Inc. All Rights Reserved.

source alchitry_top.tcl -notrace
Command: synth_design -top alchitry_top -part xc7a35tftg256-1
Starting synth_design
Attempting to get a license for feature 'Synthesis' and/or device 'xc7a35t'
INFO: [Common 17-349] Got license for feature 'Synthesis' and/or device 'xc7a35t'
INFO: [Device 21-403] Loading part xc7a35tftg256-1
INFO: [Synth 8-7079] Multithreading enabled for synth_design using a maximum of 7 processes.
INFO: [Synth 8-7078] Launching helper process for spawning children vivado processes
INFO: [Synth 8-7075] Helper process launched with PID 599430
---------------------------------------------------------------------------------
Starting RTL Elaboration : Time (s): cpu = 00:00:03 ; elapsed = 00:00:03 . Memory (MB): peak = 2044.184 ; gain = 424.863 ; free physical = 706 ; free virtual = 4843
---------------------------------------------------------------------------------
INFO: [Synth 8-6157] synthesizing module 'alchitry_top' [/home/wata/Desktop/school/term4/50.002_Computer_Structures/workspace/sutd_50.002/CompStruct_1D/build/vivado/CompStruct_1D_new.srcs/sources_1/imports/source/alchitry_top.sv:7]
INFO: [Synth 8-6157] synthesizing module 'button_conditioner' [/home/wata/Desktop/school/term4/50.002_Computer_Structures/workspace/sutd_50.002/CompStruct_1D/build/vivado/CompStruct_1D_new.srcs/sources_1/imports/source/button_conditioner.sv:7]
	Parameter CLK_FREQ bound to: 24'b100110001001011010000000 
	Parameter MIN_DELAY bound to: 5'b10100 
	Parameter NUM_SYNC bound to: 2'b10 
INFO: [Synth 8-6157] synthesizing module 'pipeline' [/home/wata/Desktop/school/term4/50.002_Computer_Structures/workspace/sutd_50.002/CompStruct_1D/build/vivado/CompStruct_1D_new.srcs/sources_1/imports/source/pipeline.sv:7]
	Parameter DEPTH bound to: 2'b10 
INFO: [Synth 8-6155] done synthesizing module 'pipeline' (0#1) [/home/wata/Desktop/school/term4/50.002_Computer_Structures/workspace/sutd_50.002/CompStruct_1D/build/vivado/CompStruct_1D_new.srcs/sources_1/imports/source/pipeline.sv:7]
INFO: [Synth 8-6155] done synthesizing module 'button_conditioner' (0#1) [/home/wata/Desktop/school/term4/50.002_Computer_Structures/workspace/sutd_50.002/CompStruct_1D/build/vivado/CompStruct_1D_new.srcs/sources_1/imports/source/button_conditioner.sv:7]
INFO: [Synth 8-6157] synthesizing module 'edge_detector' [/home/wata/Desktop/school/term4/50.002_Computer_Structures/workspace/sutd_50.002/CompStruct_1D/build/vivado/CompStruct_1D_new.srcs/sources_1/imports/source/edge_detector.sv:7]
	Parameter RISE bound to: 1'b1 
	Parameter FALL bound to: 1'b0 
INFO: [Synth 8-6155] done synthesizing module 'edge_detector' (0#1) [/home/wata/Desktop/school/term4/50.002_Computer_Structures/workspace/sutd_50.002/CompStruct_1D/build/vivado/CompStruct_1D_new.srcs/sources_1/imports/source/edge_detector.sv:7]
INFO: [Synth 8-6157] synthesizing module 'reset_conditioner' [/home/wata/Desktop/school/term4/50.002_Computer_Structures/workspace/sutd_50.002/CompStruct_1D/build/vivado/CompStruct_1D_new.srcs/sources_1/imports/source/reset_conditioner.sv:7]
	Parameter STAGES bound to: 3'b100 
INFO: [Synth 8-6155] done synthesizing module 'reset_conditioner' (0#1) [/home/wata/Desktop/school/term4/50.002_Computer_Structures/workspace/sutd_50.002/CompStruct_1D/build/vivado/CompStruct_1D_new.srcs/sources_1/imports/source/reset_conditioner.sv:7]
INFO: [Synth 8-6157] synthesizing module 'game_datapath' [/home/wata/Desktop/school/term4/50.002_Computer_Structures/workspace/sutd_50.002/CompStruct_1D/build/vivado/CompStruct_1D_new.srcs/sources_1/imports/source/game_datapath.sv:7]
INFO: [Synth 8-6157] synthesizing module 'alu' [/home/wata/Desktop/school/term4/50.002_Computer_Structures/workspace/sutd_50.002/CompStruct_1D/build/vivado/CompStruct_1D_new.srcs/sources_1/imports/source/alu.sv:7]
INFO: [Synth 8-6155] done synthesizing module 'alu' (0#1) [/home/wata/Desktop/school/term4/50.002_Computer_Structures/workspace/sutd_50.002/CompStruct_1D/build/vivado/CompStruct_1D_new.srcs/sources_1/imports/source/alu.sv:7]
INFO: [Synth 8-6157] synthesizing module 'counter' [/home/wata/Desktop/school/term4/50.002_Computer_Structures/workspace/sutd_50.002/CompStruct_1D/build/vivado/CompStruct_1D_new.srcs/sources_1/imports/source/counter.sv:7]
	Parameter SIZE bound to: 1'b1 
	Parameter DIV bound to: 4'b1111 
	Parameter TOP bound to: 1'b0 
	Parameter UP bound to: 1'b1 
INFO: [Synth 8-6155] done synthesizing module 'counter' (0#1) [/home/wata/Desktop/school/term4/50.002_Computer_Structures/workspace/sutd_50.002/CompStruct_1D/build/vivado/CompStruct_1D_new.srcs/sources_1/imports/source/counter.sv:7]
INFO: [Synth 8-6157] synthesizing module 'game_cu' [/home/wata/Desktop/school/term4/50.002_Computer_Structures/workspace/sutd_50.002/CompStruct_1D/build/vivado/CompStruct_1D_new.srcs/sources_1/imports/source/game_cu.sv:7]
INFO: [Synth 8-155] case statement is not full and has no default [/home/wata/Desktop/school/term4/50.002_Computer_Structures/workspace/sutd_50.002/CompStruct_1D/build/vivado/CompStruct_1D_new.srcs/sources_1/imports/source/game_cu.sv:86]
INFO: [Synth 8-6155] done synthesizing module 'game_cu' (0#1) [/home/wata/Desktop/school/term4/50.002_Computer_Structures/workspace/sutd_50.002/CompStruct_1D/build/vivado/CompStruct_1D_new.srcs/sources_1/imports/source/game_cu.sv:7]
INFO: [Synth 8-6157] synthesizing module 'game_regfiles' [/home/wata/Desktop/school/term4/50.002_Computer_Structures/workspace/sutd_50.002/CompStruct_1D/build/vivado/CompStruct_1D_new.srcs/sources_1/imports/source/game_regfiles.sv:7]
INFO: [Synth 8-155] case statement is not full and has no default [/home/wata/Desktop/school/term4/50.002_Computer_Structures/workspace/sutd_50.002/CompStruct_1D/build/vivado/CompStruct_1D_new.srcs/sources_1/imports/source/game_regfiles.sv:61]
INFO: [Synth 8-6155] done synthesizing module 'game_regfiles' (0#1) [/home/wata/Desktop/school/term4/50.002_Computer_Structures/workspace/sutd_50.002/CompStruct_1D/build/vivado/CompStruct_1D_new.srcs/sources_1/imports/source/game_regfiles.sv:7]
INFO: [Synth 8-6157] synthesizing module 'random_number_generator' [/home/wata/Desktop/school/term4/50.002_Computer_Structures/workspace/sutd_50.002/CompStruct_1D/build/vivado/CompStruct_1D_new.srcs/sources_1/imports/source/random_number_generator.sv:7]
	Parameter SIZE bound to: 1'b1 
INFO: [Synth 8-6157] synthesizing module 'pn_gen' [/home/wata/Desktop/school/term4/50.002_Computer_Structures/workspace/sutd_50.002/CompStruct_1D/build/vivado/CompStruct_1D_new.srcs/sources_1/imports/source/pn_gen.sv:7]
	Parameter SEED bound to: 33'b110010100001100001111010000011000 
INFO: [Synth 8-6155] done synthesizing module 'pn_gen' (0#1) [/home/wata/Desktop/school/term4/50.002_Computer_Structures/workspace/sutd_50.002/CompStruct_1D/build/vivado/CompStruct_1D_new.srcs/sources_1/imports/source/pn_gen.sv:7]
INFO: [Synth 8-6157] synthesizing module 'edge_detector__parameterized0' [/home/wata/Desktop/school/term4/50.002_Computer_Structures/workspace/sutd_50.002/CompStruct_1D/build/vivado/CompStruct_1D_new.srcs/sources_1/imports/source/edge_detector.sv:7]
	Parameter RISE bound to: 1'b1 
	Parameter FALL bound to: 1'b1 
INFO: [Synth 8-6155] done synthesizing module 'edge_detector__parameterized0' (0#1) [/home/wata/Desktop/school/term4/50.002_Computer_Structures/workspace/sutd_50.002/CompStruct_1D/build/vivado/CompStruct_1D_new.srcs/sources_1/imports/source/edge_detector.sv:7]
INFO: [Synth 8-6155] done synthesizing module 'random_number_generator' (0#1) [/home/wata/Desktop/school/term4/50.002_Computer_Structures/workspace/sutd_50.002/CompStruct_1D/build/vivado/CompStruct_1D_new.srcs/sources_1/imports/source/random_number_generator.sv:7]
INFO: [Synth 8-6157] synthesizing module 'random_number_generator__parameterized0' [/home/wata/Desktop/school/term4/50.002_Computer_Structures/workspace/sutd_50.002/CompStruct_1D/build/vivado/CompStruct_1D_new.srcs/sources_1/imports/source/random_number_generator.sv:7]
	Parameter SIZE bound to: 4'b1001 
INFO: [Synth 8-6155] done synthesizing module 'random_number_generator__parameterized0' (0#1) [/home/wata/Desktop/school/term4/50.002_Computer_Structures/workspace/sutd_50.002/CompStruct_1D/build/vivado/CompStruct_1D_new.srcs/sources_1/imports/source/random_number_generator.sv:7]
INFO: [Synth 8-6155] done synthesizing module 'game_datapath' (0#1) [/home/wata/Desktop/school/term4/50.002_Computer_Structures/workspace/sutd_50.002/CompStruct_1D/build/vivado/CompStruct_1D_new.srcs/sources_1/imports/source/game_datapath.sv:7]
INFO: [Synth 8-6157] synthesizing module 'motor' [/home/wata/Desktop/school/term4/50.002_Computer_Structures/workspace/sutd_50.002/CompStruct_1D/build/vivado/CompStruct_1D_new.srcs/sources_1/imports/source/motor.sv:7]
INFO: [Synth 8-6157] synthesizing module 'pwm' [/home/wata/Desktop/school/term4/50.002_Computer_Structures/workspace/sutd_50.002/CompStruct_1D/build/vivado/CompStruct_1D_new.srcs/sources_1/imports/source/pwm.sv:7]
	Parameter WIDTH bound to: 4'b1010 
	Parameter TOP bound to: 8'b11111010 
	Parameter DIV bound to: 2'b11 
INFO: [Synth 8-6157] synthesizing module 'counter__parameterized0' [/home/wata/Desktop/school/term4/50.002_Computer_Structures/workspace/sutd_50.002/CompStruct_1D/build/vivado/CompStruct_1D_new.srcs/sources_1/imports/source/counter.sv:7]
	Parameter SIZE bound to: 4'b1010 
	Parameter DIV bound to: 2'b11 
	Parameter TOP bound to: 8'b11111010 
	Parameter UP bound to: 1'b1 
INFO: [Synth 8-6155] done synthesizing module 'counter__parameterized0' (0#1) [/home/wata/Desktop/school/term4/50.002_Computer_Structures/workspace/sutd_50.002/CompStruct_1D/build/vivado/CompStruct_1D_new.srcs/sources_1/imports/source/counter.sv:7]
INFO: [Synth 8-6155] done synthesizing module 'pwm' (0#1) [/home/wata/Desktop/school/term4/50.002_Computer_Structures/workspace/sutd_50.002/CompStruct_1D/build/vivado/CompStruct_1D_new.srcs/sources_1/imports/source/pwm.sv:7]
INFO: [Synth 8-6155] done synthesizing module 'motor' (0#1) [/home/wata/Desktop/school/term4/50.002_Computer_Structures/workspace/sutd_50.002/CompStruct_1D/build/vivado/CompStruct_1D_new.srcs/sources_1/imports/source/motor.sv:7]
WARNING: [Synth 8-689] width (32) of port connection 'motor_speed' does not match port width (4) of module 'motor' [/home/wata/Desktop/school/term4/50.002_Computer_Structures/workspace/sutd_50.002/CompStruct_1D/build/vivado/CompStruct_1D_new.srcs/sources_1/imports/source/alchitry_top.sv:221]
WARNING: [Synth 8-689] width (32) of port connection 'motor_direction' does not match port width (1) of module 'motor' [/home/wata/Desktop/school/term4/50.002_Computer_Structures/workspace/sutd_50.002/CompStruct_1D/build/vivado/CompStruct_1D_new.srcs/sources_1/imports/source/alchitry_top.sv:222]
INFO: [Synth 8-6157] synthesizing module 'uart_rx' [/home/wata/Desktop/school/term4/50.002_Computer_Structures/workspace/sutd_50.002/CompStruct_1D/build/vivado/CompStruct_1D_new.srcs/sources_1/imports/source/uart_rx.sv:7]
	Parameter CLK_FREQ bound to: 24'b100110001001011010000000 
	Parameter BAUD bound to: 17'b11000011010100000 
INFO: [Synth 8-226] default block is never used [/home/wata/Desktop/school/term4/50.002_Computer_Structures/workspace/sutd_50.002/CompStruct_1D/build/vivado/CompStruct_1D_new.srcs/sources_1/imports/source/uart_rx.sv:42]
INFO: [Synth 8-6155] done synthesizing module 'uart_rx' (0#1) [/home/wata/Desktop/school/term4/50.002_Computer_Structures/workspace/sutd_50.002/CompStruct_1D/build/vivado/CompStruct_1D_new.srcs/sources_1/imports/source/uart_rx.sv:7]
INFO: [Synth 8-6157] synthesizing module 'uart_tx' [/home/wata/Desktop/school/term4/50.002_Computer_Structures/workspace/sutd_50.002/CompStruct_1D/build/vivado/CompStruct_1D_new.srcs/sources_1/imports/source/uart_tx.sv:7]
	Parameter CLK_FREQ bound to: 24'b100110001001011010000000 
	Parameter BAUD bound to: 17'b11000011010100000 
INFO: [Synth 8-226] default block is never used [/home/wata/Desktop/school/term4/50.002_Computer_Structures/workspace/sutd_50.002/CompStruct_1D/build/vivado/CompStruct_1D_new.srcs/sources_1/imports/source/uart_tx.sv:43]
INFO: [Synth 8-6155] done synthesizing module 'uart_tx' (0#1) [/home/wata/Desktop/school/term4/50.002_Computer_Structures/workspace/sutd_50.002/CompStruct_1D/build/vivado/CompStruct_1D_new.srcs/sources_1/imports/source/uart_tx.sv:7]
INFO: [Synth 8-6157] synthesizing module 'debugger' [/home/wata/Desktop/school/term4/50.002_Computer_Structures/workspace/sutd_50.002/CompStruct_1D/build/vivado/CompStruct_1D_new.srcs/sources_1/imports/source/debugger.sv:7]
INFO: [Synth 8-6155] done synthesizing module 'debugger' (0#1) [/home/wata/Desktop/school/term4/50.002_Computer_Structures/workspace/sutd_50.002/CompStruct_1D/build/vivado/CompStruct_1D_new.srcs/sources_1/imports/source/debugger.sv:7]
INFO: [Synth 8-6157] synthesizing module 'led_score_encoder' [/home/wata/Desktop/school/term4/50.002_Computer_Structures/workspace/sutd_50.002/CompStruct_1D/build/vivado/CompStruct_1D_new.srcs/sources_1/imports/source/led_score_encoder.sv:7]
INFO: [Synth 8-226] default block is never used [/home/wata/Desktop/school/term4/50.002_Computer_Structures/workspace/sutd_50.002/CompStruct_1D/build/vivado/CompStruct_1D_new.srcs/sources_1/imports/source/led_score_encoder.sv:13]
INFO: [Synth 8-6155] done synthesizing module 'led_score_encoder' (0#1) [/home/wata/Desktop/school/term4/50.002_Computer_Structures/workspace/sutd_50.002/CompStruct_1D/build/vivado/CompStruct_1D_new.srcs/sources_1/imports/source/led_score_encoder.sv:7]
INFO: [Synth 8-6155] done synthesizing module 'alchitry_top' (0#1) [/home/wata/Desktop/school/term4/50.002_Computer_Structures/workspace/sutd_50.002/CompStruct_1D/build/vivado/CompStruct_1D_new.srcs/sources_1/imports/source/alchitry_top.sv:7]
WARNING: [Synth 8-3917] design alchitry_top has port led[7] driven by constant 0
WARNING: [Synth 8-3917] design alchitry_top has port led[6] driven by constant 0
WARNING: [Synth 8-3917] design alchitry_top has port led[5] driven by constant 0
WARNING: [Synth 8-3917] design alchitry_top has port led[4] driven by constant 0
WARNING: [Synth 8-3917] design alchitry_top has port led[3] driven by constant 0
WARNING: [Synth 8-3917] design alchitry_top has port led[2] driven by constant 0
WARNING: [Synth 8-3917] design alchitry_top has port led[1] driven by constant 0
WARNING: [Synth 8-3917] design alchitry_top has port led[0] driven by constant 0
WARNING: [Synth 8-7129] Port regfile_rd2[31] in module game_cu is either unconnected or has no load
WARNING: [Synth 8-7129] Port regfile_rd2[30] in module game_cu is either unconnected or has no load
WARNING: [Synth 8-7129] Port regfile_rd2[29] in module game_cu is either unconnected or has no load
WARNING: [Synth 8-7129] Port regfile_rd2[28] in module game_cu is either unconnected or has no load
WARNING: [Synth 8-7129] Port regfile_rd2[27] in module game_cu is either unconnected or has no load
WARNING: [Synth 8-7129] Port regfile_rd2[26] in module game_cu is either unconnected or has no load
WARNING: [Synth 8-7129] Port regfile_rd2[25] in module game_cu is either unconnected or has no load
WARNING: [Synth 8-7129] Port regfile_rd2[24] in module game_cu is either unconnected or has no load
WARNING: [Synth 8-7129] Port regfile_rd2[23] in module game_cu is either unconnected or has no load
WARNING: [Synth 8-7129] Port regfile_rd2[22] in module game_cu is either unconnected or has no load
WARNING: [Synth 8-7129] Port regfile_rd2[21] in module game_cu is either unconnected or has no load
WARNING: [Synth 8-7129] Port regfile_rd2[20] in module game_cu is either unconnected or has no load
WARNING: [Synth 8-7129] Port regfile_rd2[19] in module game_cu is either unconnected or has no load
WARNING: [Synth 8-7129] Port regfile_rd2[18] in module game_cu is either unconnected or has no load
WARNING: [Synth 8-7129] Port regfile_rd2[17] in module game_cu is either unconnected or has no load
WARNING: [Synth 8-7129] Port regfile_rd2[16] in module game_cu is either unconnected or has no load
WARNING: [Synth 8-7129] Port regfile_rd2[15] in module game_cu is either unconnected or has no load
WARNING: [Synth 8-7129] Port regfile_rd2[14] in module game_cu is either unconnected or has no load
WARNING: [Synth 8-7129] Port regfile_rd2[13] in module game_cu is either unconnected or has no load
WARNING: [Synth 8-7129] Port regfile_rd2[12] in module game_cu is either unconnected or has no load
WARNING: [Synth 8-7129] Port regfile_rd2[11] in module game_cu is either unconnected or has no load
WARNING: [Synth 8-7129] Port regfile_rd2[10] in module game_cu is either unconnected or has no load
WARNING: [Synth 8-7129] Port regfile_rd2[9] in module game_cu is either unconnected or has no load
WARNING: [Synth 8-7129] Port regfile_rd2[8] in module game_cu is either unconnected or has no load
WARNING: [Synth 8-7129] Port regfile_rd2[7] in module game_cu is either unconnected or has no load
WARNING: [Synth 8-7129] Port regfile_rd2[6] in module game_cu is either unconnected or has no load
WARNING: [Synth 8-7129] Port regfile_rd2[5] in module game_cu is either unconnected or has no load
WARNING: [Synth 8-7129] Port regfile_rd2[4] in module game_cu is either unconnected or has no load
WARNING: [Synth 8-7129] Port regfile_rd2[3] in module game_cu is either unconnected or has no load
WARNING: [Synth 8-7129] Port regfile_rd2[2] in module game_cu is either unconnected or has no load
WARNING: [Synth 8-7129] Port regfile_rd2[1] in module game_cu is either unconnected or has no load
---------------------------------------------------------------------------------
Finished RTL Elaboration : Time (s): cpu = 00:00:04 ; elapsed = 00:00:04 . Memory (MB): peak = 2129.152 ; gain = 509.832 ; free physical = 602 ; free virtual = 4740
---------------------------------------------------------------------------------
---------------------------------------------------------------------------------
Start Handling Custom Attributes
---------------------------------------------------------------------------------
---------------------------------------------------------------------------------
Finished Handling Custom Attributes : Time (s): cpu = 00:00:04 ; elapsed = 00:00:04 . Memory (MB): peak = 2143.996 ; gain = 524.676 ; free physical = 602 ; free virtual = 4740
---------------------------------------------------------------------------------
---------------------------------------------------------------------------------
Finished RTL Optimization Phase 1 : Time (s): cpu = 00:00:04 ; elapsed = 00:00:04 . Memory (MB): peak = 2143.996 ; gain = 524.676 ; free physical = 602 ; free virtual = 4740
---------------------------------------------------------------------------------
Netlist sorting complete. Time (s): cpu = 00:00:00.02 ; elapsed = 00:00:00.02 . Memory (MB): peak = 2143.996 ; gain = 0.000 ; free physical = 602 ; free virtual = 4744
INFO: [Project 1-570] Preparing netlist for logic optimization

Processing XDC Constraints
Initializing timing engine
Parsing XDC File [/home/wata/Desktop/school/term4/50.002_Computer_Structures/workspace/sutd_50.002/CompStruct_1D/build/constraint/alchitry.xdc]
Finished Parsing XDC File [/home/wata/Desktop/school/term4/50.002_Computer_Structures/workspace/sutd_50.002/CompStruct_1D/build/constraint/alchitry.xdc]
INFO: [Project 1-236] Implementation specific constraints were found while reading constraint file [/home/wata/Desktop/school/term4/50.002_Computer_Structures/workspace/sutd_50.002/CompStruct_1D/build/constraint/alchitry.xdc]. These constraints will be ignored for synthesis but will be used in implementation. Impacted constraints are listed in the file [.Xil/alchitry_top_propImpl.xdc].
Resolution: To avoid this warning, move constraints listed in [.Xil/alchitry_top_propImpl.xdc] to another XDC file and exclude this new file from synthesis with the used_in_synthesis property (File Properties dialog in GUI) and re-run elaboration/synthesis.
Parsing XDC File [/home/wata/Desktop/school/term4/50.002_Computer_Structures/workspace/sutd_50.002/CompStruct_1D/build/constraint/au_props.xdc]
Finished Parsing XDC File [/home/wata/Desktop/school/term4/50.002_Computer_Structures/workspace/sutd_50.002/CompStruct_1D/build/constraint/au_props.xdc]
Completed Processing XDC Constraints

Netlist sorting complete. Time (s): cpu = 00:00:00 ; elapsed = 00:00:00 . Memory (MB): peak = 2292.746 ; gain = 0.000 ; free physical = 594 ; free virtual = 4736
INFO: [Project 1-111] Unisim Transformation Summary:
No Unisim elements were transformed.

Constraint Validation Runtime : Time (s): cpu = 00:00:00 ; elapsed = 00:00:00 . Memory (MB): peak = 2292.746 ; gain = 0.000 ; free physical = 594 ; free virtual = 4736
---------------------------------------------------------------------------------
Finished Constraint Validation : Time (s): cpu = 00:00:09 ; elapsed = 00:00:09 . Memory (MB): peak = 2292.746 ; gain = 673.426 ; free physical = 650 ; free virtual = 4793
---------------------------------------------------------------------------------
---------------------------------------------------------------------------------
Start Loading Part and Timing Information
---------------------------------------------------------------------------------
Loading part: xc7a35tftg256-1
---------------------------------------------------------------------------------
Finished Loading Part and Timing Information : Time (s): cpu = 00:00:09 ; elapsed = 00:00:09 . Memory (MB): peak = 2300.750 ; gain = 681.430 ; free physical = 650 ; free virtual = 4793
---------------------------------------------------------------------------------
---------------------------------------------------------------------------------
Start Applying 'set_property' XDC Constraints
---------------------------------------------------------------------------------
---------------------------------------------------------------------------------
Finished applying 'set_property' XDC Constraints : Time (s): cpu = 00:00:09 ; elapsed = 00:00:09 . Memory (MB): peak = 2300.750 ; gain = 681.430 ; free physical = 650 ; free virtual = 4793
---------------------------------------------------------------------------------
INFO: [Synth 8-802] inferred FSM for state register 'D_state_q_reg' in module 'uart_rx'
INFO: [Synth 8-802] inferred FSM for state register 'D_state_q_reg' in module 'uart_tx'
INFO: [Synth 8-802] inferred FSM for state register 'D_state_q_reg' in module 'debugger'
---------------------------------------------------------------------------------------------------
                   State |                     New Encoding |                Previous Encoding 
---------------------------------------------------------------------------------------------------
                  iSTATE |                               00 |                               00
                 iSTATE0 |                               01 |                               01
                 iSTATE1 |                               10 |                               10
                 iSTATE2 |                               11 |                               11
---------------------------------------------------------------------------------------------------
INFO: [Synth 8-3354] encoded FSM with state register 'D_state_q_reg' using encoding 'sequential' in module 'uart_rx'
---------------------------------------------------------------------------------------------------
                   State |                     New Encoding |                Previous Encoding 
---------------------------------------------------------------------------------------------------
                  iSTATE |                               00 |                               00
                 iSTATE0 |                               01 |                               01
                 iSTATE1 |                               10 |                               10
                 iSTATE2 |                               11 |                               11
---------------------------------------------------------------------------------------------------
INFO: [Synth 8-3354] encoded FSM with state register 'D_state_q_reg' using encoding 'sequential' in module 'uart_tx'
---------------------------------------------------------------------------------------------------
                   State |                     New Encoding |                Previous Encoding 
---------------------------------------------------------------------------------------------------
                 iSTATE1 | 0000000000000000000000000000000001 |                           000000
                 iSTATE0 | 0000000000000000000000000000000010 |                           000001
                  iSTATE | 0000000000000000000000000000000100 |                           000010
                iSTATE32 | 0000000000000000000000000000001000 |                           000011
                iSTATE27 | 0000000000000000000000000000010000 |                           000100
                iSTATE25 | 0000000000000000000000000000100000 |                           000101
                iSTATE23 | 0000000000000000000000000001000000 |                           000110
                iSTATE20 | 0000000000000000000000000010000000 |                           000111
                iSTATE26 | 0000000000000000000000000100000000 |                           001000
                iSTATE24 | 0000000000000000000000001000000000 |                           001001
                iSTATE21 | 0000000000000000000000010000000000 |                           001010
                iSTATE18 | 0000000000000000000000100000000000 |                           001011
                iSTATE15 | 0000000000000000000001000000000000 |                           001100
                iSTATE14 | 0000000000000000000010000000000000 |                           001101
                iSTATE13 | 0000000000000000000100000000000000 |                           001110
                iSTATE10 | 0000000000000000001000000000000000 |                           001111
                iSTATE22 | 0000000000000000010000000000000000 |                           010000
                iSTATE19 | 0000000000000000100000000000000000 |                           010001
                iSTATE17 | 0000000000000001000000000000000000 |                           010010
                iSTATE16 | 0000000000000010000000000000000000 |                           010011
                iSTATE11 | 0000000000000100000000000000000000 |                           010100
                 iSTATE7 | 0000000000001000000000000000000000 |                           010101
                 iSTATE5 | 0000000000010000000000000000000000 |                           010110
                 iSTATE3 | 0000000000100000000000000000000000 |                           010111
                 iSTATE8 | 0000000001000000000000000000000000 |                           011000
                 iSTATE6 | 0000000010000000000000000000000000 |                           011001
                 iSTATE4 | 0000000100000000000000000000000000 |                           011010
                 iSTATE2 | 0000001000000000000000000000000000 |                           011011
                iSTATE31 | 0000010000000000000000000000000000 |                           011100
                iSTATE30 | 0000100000000000000000000000000000 |                           011101
                iSTATE29 | 0001000000000000000000000000000000 |                           011110
                iSTATE28 | 0010000000000000000000000000000000 |                           011111
                iSTATE12 | 0100000000000000000000000000000000 |                           100000
                 iSTATE9 | 1000000000000000000000000000000000 |                           100001
---------------------------------------------------------------------------------------------------
INFO: [Synth 8-3354] encoded FSM with state register 'D_state_q_reg' using encoding 'one-hot' in module 'debugger'
---------------------------------------------------------------------------------
Finished RTL Optimization Phase 2 : Time (s): cpu = 00:00:10 ; elapsed = 00:00:10 . Memory (MB): peak = 2300.750 ; gain = 681.430 ; free physical = 658 ; free virtual = 4802
---------------------------------------------------------------------------------
---------------------------------------------------------------------------------
Start RTL Component Statistics 
---------------------------------------------------------------------------------
Detailed RTL Component Info : 
+---Adders : 
	   2 Input   32 Bit       Adders := 1     
	   3 Input   32 Bit       Adders := 1     
	   2 Input    7 Bit       Adders := 2     
	   2 Input    6 Bit       Adders := 1     
	   2 Input    5 Bit       Adders := 3     
	   2 Input    4 Bit       Adders := 5     
	   2 Input    3 Bit       Adders := 9     
	   2 Input    2 Bit       Adders := 3     
+---XORs : 
	   2 Input     32 Bit         XORs := 5     
	   4 Input     32 Bit         XORs := 2     
	   2 Input      1 Bit         XORs := 1     
+---Registers : 
	               32 Bit    Registers := 31    
	               10 Bit    Registers := 2     
	                8 Bit    Registers := 2     
	                7 Bit    Registers := 2     
	                6 Bit    Registers := 3     
	                5 Bit    Registers := 3     
	                4 Bit    Registers := 8     
	                3 Bit    Registers := 9     
	                2 Bit    Registers := 10    
	                1 Bit    Registers := 17    
+---Multipliers : 
	              32x32  Multipliers := 1     
+---Muxes : 
	   2 Input   32 Bit        Muxes := 2     
	   6 Input   32 Bit        Muxes := 2     
	   4 Input   32 Bit        Muxes := 1     
	   2 Input    8 Bit        Muxes := 1     
	   8 Input    8 Bit        Muxes := 1     
	  34 Input    8 Bit        Muxes := 1     
	   4 Input    7 Bit        Muxes := 4     
	   7 Input    7 Bit        Muxes := 2     
	   8 Input    7 Bit        Muxes := 2     
	   9 Input    7 Bit        Muxes := 1     
	   6 Input    7 Bit        Muxes := 1     
	   5 Input    7 Bit        Muxes := 1     
	   2 Input    6 Bit        Muxes := 3     
	   3 Input    6 Bit        Muxes := 1     
	  34 Input    6 Bit        Muxes := 1     
	   2 Input    5 Bit        Muxes := 1     
	   3 Input    5 Bit        Muxes := 1     
	  34 Input    5 Bit        Muxes := 3     
	   6 Input    4 Bit        Muxes := 1     
	   2 Input    4 Bit        Muxes := 2     
	  34 Input    4 Bit        Muxes := 5     
	   4 Input    3 Bit        Muxes := 4     
	   2 Input    3 Bit        Muxes := 1     
	  34 Input    3 Bit        Muxes := 7     
	   4 Input    2 Bit        Muxes := 2     
	   2 Input    2 Bit        Muxes := 1     
	  34 Input    2 Bit        Muxes := 3     
	   6 Input    1 Bit        Muxes := 1     
	  10 Input    1 Bit        Muxes := 9     
	   2 Input    1 Bit        Muxes := 26    
	   3 Input    1 Bit        Muxes := 1     
	   4 Input    1 Bit        Muxes := 11    
	  34 Input    1 Bit        Muxes := 21    
---------------------------------------------------------------------------------
Finished RTL Component Statistics 
---------------------------------------------------------------------------------
---------------------------------------------------------------------------------
Start Part Resource Summary
---------------------------------------------------------------------------------
Part Resources:
DSPs: 90 (col length:60)
BRAMs: 100 (col length: RAMB18 60 RAMB36 30)
---------------------------------------------------------------------------------
Finished Part Resource Summary
---------------------------------------------------------------------------------
---------------------------------------------------------------------------------
Start Cross Boundary and Area Optimization
---------------------------------------------------------------------------------
WARNING: [Synth 8-7080] Parallel synthesis criteria is not met
DSP Report: Generating DSP out_sig0, operation Mode is: A*B.
DSP Report: operator out_sig0 is absorbed into DSP out_sig0.
DSP Report: operator out_sig0 is absorbed into DSP out_sig0.
DSP Report: Generating DSP out_sig0, operation Mode is: (PCIN>>17)+A*B.
DSP Report: operator out_sig0 is absorbed into DSP out_sig0.
DSP Report: operator out_sig0 is absorbed into DSP out_sig0.
DSP Report: Generating DSP out_sig0, operation Mode is: A*B.
DSP Report: operator out_sig0 is absorbed into DSP out_sig0.
DSP Report: operator out_sig0 is absorbed into DSP out_sig0.
DSP Report: Generating DSP out_sig0, operation Mode is: (PCIN>>17)+A*B.
DSP Report: operator out_sig0 is absorbed into DSP out_sig0.
DSP Report: operator out_sig0 is absorbed into DSP out_sig0.
WARNING: [Synth 8-3917] design alchitry_top has port led[7] driven by constant 0
WARNING: [Synth 8-3917] design alchitry_top has port led[6] driven by constant 0
WARNING: [Synth 8-3917] design alchitry_top has port led[5] driven by constant 0
WARNING: [Synth 8-3917] design alchitry_top has port led[4] driven by constant 0
WARNING: [Synth 8-3917] design alchitry_top has port led[3] driven by constant 0
WARNING: [Synth 8-3917] design alchitry_top has port led[2] driven by constant 0
WARNING: [Synth 8-3917] design alchitry_top has port led[1] driven by constant 0
WARNING: [Synth 8-3917] design alchitry_top has port led[0] driven by constant 0
WARNING: [Synth 8-7129] Port regfile_rd2[31] in module game_cu is either unconnected or has no load
WARNING: [Synth 8-7129] Port regfile_rd2[30] in module game_cu is either unconnected or has no load
WARNING: [Synth 8-7129] Port regfile_rd2[29] in module game_cu is either unconnected or has no load
WARNING: [Synth 8-7129] Port regfile_rd2[28] in module game_cu is either unconnected or has no load
WARNING: [Synth 8-7129] Port regfile_rd2[27] in module game_cu is either unconnected or has no load
WARNING: [Synth 8-7129] Port regfile_rd2[26] in module game_cu is either unconnected or has no load
WARNING: [Synth 8-7129] Port regfile_rd2[25] in module game_cu is either unconnected or has no load
WARNING: [Synth 8-7129] Port regfile_rd2[24] in module game_cu is either unconnected or has no load
WARNING: [Synth 8-7129] Port regfile_rd2[23] in module game_cu is either unconnected or has no load
WARNING: [Synth 8-7129] Port regfile_rd2[22] in module game_cu is either unconnected or has no load
WARNING: [Synth 8-7129] Port regfile_rd2[21] in module game_cu is either unconnected or has no load
WARNING: [Synth 8-7129] Port regfile_rd2[20] in module game_cu is either unconnected or has no load
WARNING: [Synth 8-7129] Port regfile_rd2[19] in module game_cu is either unconnected or has no load
WARNING: [Synth 8-7129] Port regfile_rd2[18] in module game_cu is either unconnected or has no load
WARNING: [Synth 8-7129] Port regfile_rd2[17] in module game_cu is either unconnected or has no load
WARNING: [Synth 8-7129] Port regfile_rd2[16] in module game_cu is either unconnected or has no load
WARNING: [Synth 8-7129] Port regfile_rd2[15] in module game_cu is either unconnected or has no load
WARNING: [Synth 8-7129] Port regfile_rd2[14] in module game_cu is either unconnected or has no load
WARNING: [Synth 8-7129] Port regfile_rd2[13] in module game_cu is either unconnected or has no load
WARNING: [Synth 8-7129] Port regfile_rd2[12] in module game_cu is either unconnected or has no load
WARNING: [Synth 8-7129] Port regfile_rd2[11] in module game_cu is either unconnected or has no load
WARNING: [Synth 8-7129] Port regfile_rd2[10] in module game_cu is either unconnected or has no load
WARNING: [Synth 8-7129] Port regfile_rd2[9] in module game_cu is either unconnected or has no load
WARNING: [Synth 8-7129] Port regfile_rd2[8] in module game_cu is either unconnected or has no load
WARNING: [Synth 8-7129] Port regfile_rd2[7] in module game_cu is either unconnected or has no load
WARNING: [Synth 8-7129] Port regfile_rd2[6] in module game_cu is either unconnected or has no load
WARNING: [Synth 8-7129] Port regfile_rd2[5] in module game_cu is either unconnected or has no load
WARNING: [Synth 8-7129] Port regfile_rd2[4] in module game_cu is either unconnected or has no load
WARNING: [Synth 8-7129] Port regfile_rd2[3] in module game_cu is either unconnected or has no load
WARNING: [Synth 8-7129] Port regfile_rd2[2] in module game_cu is either unconnected or has no load
WARNING: [Synth 8-7129] Port regfile_rd2[1] in module game_cu is either unconnected or has no load
---------------------------------------------------------------------------------
Finished Cross Boundary and Area Optimization : Time (s): cpu = 00:00:27 ; elapsed = 00:00:27 . Memory (MB): peak = 2325.062 ; gain = 705.742 ; free physical = 836 ; free virtual = 4993
---------------------------------------------------------------------------------
 Sort Area is  out_sig0_0 : 0 0 : 3101 5879 : Used 1 time 0
 Sort Area is  out_sig0_0 : 0 1 : 2778 5879 : Used 1 time 0
 Sort Area is  out_sig0_3 : 0 0 : 2759 5418 : Used 1 time 0
 Sort Area is  out_sig0_3 : 0 1 : 2659 5418 : Used 1 time 0
---------------------------------------------------------------------------------
Start ROM, RAM, DSP, Shift Register and Retiming Reporting
---------------------------------------------------------------------------------

ROM: Preliminary Mapping Report
+------------+-----------------------------+---------------+----------------+
|Module Name | RTL Object                  | Depth x Width | Implemented As | 
+------------+-----------------------------+---------------+----------------+
|game_cu     | alufn                       | 64x6          | LUT            | 
|game_cu     | regfile_wa                  | 64x4          | LUT            | 
|game_cu     | regfile_we                  | 64x1          | LUT            | 
|debugger    | TEXT_CORRECT_BUTTON         | 32x7          | LUT            | 
|debugger    | TEXT_MOTOR_DIRECTION        | 32x7          | LUT            | 
|debugger    | TEXT_CORRECT_BUTTON_COMPARE | 32x7          | LUT            | 
|game_cu     | alufn                       | 64x6          | LUT            | 
|game_cu     | regfile_wa                  | 64x4          | LUT            | 
|game_cu     | regfile_we                  | 64x1          | LUT            | 
|debugger    | TEXT_CORRECT_BUTTON         | 32x7          | LUT            | 
|debugger    | TEXT_MOTOR_DIRECTION        | 32x7          | LUT            | 
|debugger    | TEXT_CORRECT_BUTTON_COMPARE | 32x7          | LUT            | 
+------------+-----------------------------+---------------+----------------+


DSP: Preliminary Mapping Report (see note below. The ' indicates corresponding REG is set)
+------------+----------------+--------+--------+--------+--------+--------+------+------+------+------+-------+------+------+
|Module Name | DSP Mapping    | A Size | B Size | C Size | D Size | P Size | AREG | BREG | CREG | DREG | ADREG | MREG | PREG | 
+------------+----------------+--------+--------+--------+--------+--------+------+------+------+------+-------+------+------+
|alu         | A*B            | 18     | 16     | -      | -      | 48     | 0    | 0    | -    | -    | -     | 0    | 0    | 
|alu         | (PCIN>>17)+A*B | 16     | 16     | -      | -      | 48     | 0    | 0    | -    | -    | -     | 0    | 0    | 
|alu         | A*B            | 18     | 18     | -      | -      | 48     | 0    | 0    | -    | -    | -     | 0    | 0    | 
|alu         | (PCIN>>17)+A*B | 18     | 16     | -      | -      | 48     | 0    | 0    | -    | -    | -     | 0    | 0    | 
+------------+----------------+--------+--------+--------+--------+--------+------+------+------+------+-------+------+------+

Note: The table above is a preliminary report that shows the DSPs inferred at the current stage of the synthesis flow. Some DSP may be reimplemented as non DSP primitives later in the synthesis flow. Multiple instantiated DSPs are reported only once.
---------------------------------------------------------------------------------
Finished ROM, RAM, DSP, Shift Register and Retiming Reporting
---------------------------------------------------------------------------------
---------------------------------------------------------------------------------
Start Applying XDC Timing Constraints
---------------------------------------------------------------------------------
---------------------------------------------------------------------------------
Finished Applying XDC Timing Constraints : Time (s): cpu = 00:00:32 ; elapsed = 00:00:32 . Memory (MB): peak = 2367.062 ; gain = 747.742 ; free physical = 784 ; free virtual = 4952
---------------------------------------------------------------------------------
---------------------------------------------------------------------------------
Start Timing Optimization
---------------------------------------------------------------------------------
---------------------------------------------------------------------------------
Finished Timing Optimization : Time (s): cpu = 00:00:57 ; elapsed = 00:00:57 . Memory (MB): peak = 2490.672 ; gain = 871.352 ; free physical = 713 ; free virtual = 4870
---------------------------------------------------------------------------------
---------------------------------------------------------------------------------
Start Technology Mapping
---------------------------------------------------------------------------------
---------------------------------------------------------------------------------
Finished Technology Mapping : Time (s): cpu = 00:00:58 ; elapsed = 00:00:59 . Memory (MB): peak = 2506.688 ; gain = 887.367 ; free physical = 697 ; free virtual = 4855
---------------------------------------------------------------------------------
---------------------------------------------------------------------------------
Start IO Insertion
---------------------------------------------------------------------------------
---------------------------------------------------------------------------------
Start Flattening Before IO Insertion
---------------------------------------------------------------------------------
---------------------------------------------------------------------------------
Finished Flattening Before IO Insertion
---------------------------------------------------------------------------------
---------------------------------------------------------------------------------
Start Final Netlist Cleanup
---------------------------------------------------------------------------------
---------------------------------------------------------------------------------
Finished Final Netlist Cleanup
---------------------------------------------------------------------------------
---------------------------------------------------------------------------------
Finished IO Insertion : Time (s): cpu = 00:01:01 ; elapsed = 00:01:01 . Memory (MB): peak = 2567.500 ; gain = 948.180 ; free physical = 664 ; free virtual = 4822
---------------------------------------------------------------------------------
---------------------------------------------------------------------------------
Start Renaming Generated Instances
---------------------------------------------------------------------------------
---------------------------------------------------------------------------------
Finished Renaming Generated Instances : Time (s): cpu = 00:01:01 ; elapsed = 00:01:01 . Memory (MB): peak = 2567.500 ; gain = 948.180 ; free physical = 664 ; free virtual = 4822
---------------------------------------------------------------------------------
---------------------------------------------------------------------------------
Start Rebuilding User Hierarchy
---------------------------------------------------------------------------------
---------------------------------------------------------------------------------
Finished Rebuilding User Hierarchy : Time (s): cpu = 00:01:01 ; elapsed = 00:01:01 . Memory (MB): peak = 2567.500 ; gain = 948.180 ; free physical = 663 ; free virtual = 4821
---------------------------------------------------------------------------------
---------------------------------------------------------------------------------
Start Renaming Generated Ports
---------------------------------------------------------------------------------
---------------------------------------------------------------------------------
Finished Renaming Generated Ports : Time (s): cpu = 00:01:01 ; elapsed = 00:01:01 . Memory (MB): peak = 2567.500 ; gain = 948.180 ; free physical = 663 ; free virtual = 4821
---------------------------------------------------------------------------------
---------------------------------------------------------------------------------
Start Handling Custom Attributes
---------------------------------------------------------------------------------
---------------------------------------------------------------------------------
Finished Handling Custom Attributes : Time (s): cpu = 00:01:01 ; elapsed = 00:01:01 . Memory (MB): peak = 2567.500 ; gain = 948.180 ; free physical = 663 ; free virtual = 4821
---------------------------------------------------------------------------------
---------------------------------------------------------------------------------
Start Renaming Generated Nets
---------------------------------------------------------------------------------
---------------------------------------------------------------------------------
Finished Renaming Generated Nets : Time (s): cpu = 00:01:01 ; elapsed = 00:01:02 . Memory (MB): peak = 2567.500 ; gain = 948.180 ; free physical = 663 ; free virtual = 4821
---------------------------------------------------------------------------------
---------------------------------------------------------------------------------
Start Writing Synthesis Report
---------------------------------------------------------------------------------

DSP Final Report (the ' indicates corresponding REG is set)
+------------+--------------+--------+--------+--------+--------+--------+------+------+------+------+-------+------+------+
|Module Name | DSP Mapping  | A Size | B Size | C Size | D Size | P Size | AREG | BREG | CREG | DREG | ADREG | MREG | PREG | 
+------------+--------------+--------+--------+--------+--------+--------+------+------+------+------+-------+------+------+
|alu         | A*B          | 17     | 15     | -      | -      | 48     | 0    | 0    | -    | -    | -     | 0    | 0    | 
|alu         | A*B          | 17     | 17     | -      | -      | 48     | 0    | 0    | -    | -    | -     | 0    | 0    | 
|alu         | PCIN>>17+A*B | 17     | 15     | -      | -      | 48     | 0    | 0    | -    | -    | -     | 0    | 0    | 
+------------+--------------+--------+--------+--------+--------+--------+------+------+------+------+-------+------+------+


Report BlackBoxes: 
+-+--------------+----------+
| |BlackBox name |Instances |
+-+--------------+----------+
+-+--------------+----------+

Report Cell Usage: 
+------+--------+------+
|      |Cell    |Count |
+------+--------+------+
|1     |BUFG    |     1|
|2     |CARRY4  |    75|
|3     |DSP48E1 |     3|
|4     |LUT1    |    74|
|5     |LUT2    |   170|
|6     |LUT3    |   103|
|7     |LUT4    |   161|
|8     |LUT5    |   278|
|9     |LUT6    |   668|
|10    |MUXF7   |    48|
|11    |MUXF8   |    17|
|12    |FDRE    |  1292|
|13    |FDSE    |    32|
|14    |IBUF    |    10|
|15    |OBUF    |    23|
+------+--------+------+
---------------------------------------------------------------------------------
Finished Writing Synthesis Report : Time (s): cpu = 00:01:01 ; elapsed = 00:01:02 . Memory (MB): peak = 2567.500 ; gain = 948.180 ; free physical = 663 ; free virtual = 4821
---------------------------------------------------------------------------------
Synthesis finished with 0 errors, 0 critical warnings and 40 warnings.
Synthesis Optimization Runtime : Time (s): cpu = 00:01:00 ; elapsed = 00:01:00 . Memory (MB): peak = 2567.500 ; gain = 799.430 ; free physical = 663 ; free virtual = 4821
Synthesis Optimization Complete : Time (s): cpu = 00:01:01 ; elapsed = 00:01:02 . Memory (MB): peak = 2567.508 ; gain = 948.180 ; free physical = 663 ; free virtual = 4821
INFO: [Project 1-571] Translating synthesized netlist
Netlist sorting complete. Time (s): cpu = 00:00:00.02 ; elapsed = 00:00:00.02 . Memory (MB): peak = 2567.508 ; gain = 0.000 ; free physical = 831 ; free virtual = 4989
INFO: [Netlist 29-17] Analyzing 143 Unisim elements for replacement
INFO: [Netlist 29-28] Unisim Transformation completed in 0 CPU seconds
INFO: [Project 1-570] Preparing netlist for logic optimization
INFO: [Opt 31-138] Pushed 0 inverter(s) to 0 load pin(s).
Netlist sorting complete. Time (s): cpu = 00:00:00 ; elapsed = 00:00:00 . Memory (MB): peak = 2623.527 ; gain = 0.000 ; free physical = 786 ; free virtual = 4956
INFO: [Project 1-111] Unisim Transformation Summary:
No Unisim elements were transformed.

Synth Design complete | Checksum: 55614f01
INFO: [Common 17-83] Releasing license: Synthesis
68 Infos, 81 Warnings, 0 Critical Warnings and 0 Errors encountered.
synth_design completed successfully
synth_design: Time (s): cpu = 00:01:08 ; elapsed = 00:01:06 . Memory (MB): peak = 2623.527 ; gain = 1031.926 ; free physical = 786 ; free virtual = 4956
INFO: [Common 17-2834] synth_design peak Physical Memory [PSS] (MB): overall = 1748.760; main = 1568.561; forked = 269.699
INFO: [Common 17-2834] synth_design peak Virtual Memory [VSS] (MB): overall = 4071.715; main = 2623.531; forked = 1565.023
Write ShapeDB Complete: Time (s): cpu = 00:00:00 ; elapsed = 00:00:00.01 . Memory (MB): peak = 2647.539 ; gain = 0.000 ; free physical = 787 ; free virtual = 4957
INFO: [Common 17-1381] The checkpoint '/home/wata/Desktop/school/term4/50.002_Computer_Structures/workspace/sutd_50.002/CompStruct_1D/build/vivado/CompStruct_1D_new.runs/synth_1/alchitry_top.dcp' has been generated.
INFO: [Vivado 12-24828] Executing command : report_utilization -file alchitry_top_utilization_synth.rpt -pb alchitry_top_utilization_synth.pb
INFO: [Common 17-206] Exiting Vivado at Wed Apr 16 13:12:19 2025...
